make --dry-run --always-make --keep-going --print-directory
make: Entering directory '/home/sever/下载/GenericMakefile-master/cpp'
 
echo "Creating directories"
mkdir -p build/release/
mkdir -p bin/release
echo "Beginning release build"
date '+%s' > ./.release_time
make all --no-print-directory
 
echo "Compiling: hello.cpp -> build/release/hello.o"
date '+%s' > build/release/.hello.o_time
g++  -std=c++11 -Wall -Wextra -g -D NDEBUG -I . -MP -MMD -c hello.cpp -o build/release/hello.o
echo -en "\t Compile time: "
read st < build/release/.hello.o_time ; rm -f build/release/.hello.o_time ; st=$((`date '+%s'` - $st - 86400)) ; echo `date -u -d @$st '+%H:%M:%S'`
 
echo "Linking: bin/release/hello"
date '+%s' > bin/release/.hello_time
g++ build/release/hello.o    -o bin/release/hello
echo -en "\t Link time: "
read st < bin/release/.hello_time ; rm -f bin/release/.hello_time ; st=$((`date '+%s'` - $st - 86400)) ; echo `date -u -d @$st '+%H:%M:%S'`
echo "Making symlink: hello -> bin/release/hello"
rm -f hello
ln -s bin/release/hello hello
echo -n "Total build time: "
read st < ./.release_time ; rm -f ./.release_time ; st=$((`date '+%s'` - $st - 86400)) ; echo `date -u -d @$st '+%H:%M:%S'`
make: Leaving directory '/home/sever/下载/GenericMakefile-master/cpp'
 
